Log file open, 02/08/23 13:40:03
LogPluginManager: Mounting Engine plugin Bridge
LogPluginManager: Mounting Engine plugin EnhancedInput
LogPluginManager: Mounting Engine plugin FastBuildController
LogPluginManager: Mounting Engine plugin MeshPainting
LogPluginManager: Mounting Engine plugin TraceUtilities
LogPluginManager: Mounting Engine plugin XGEController
LogPluginManager: Mounting Engine plugin CameraShakePreviewer
LogPluginManager: Mounting Engine plugin GameplayCameras
LogPluginManager: Mounting Engine plugin AndroidMedia
LogPluginManager: Mounting Engine plugin AvfMedia
LogPluginManager: Mounting Engine plugin ImgMedia
LogPluginManager: Mounting Engine plugin MediaCompositing
LogPluginManager: Mounting Engine plugin MediaPlate
LogPluginManager: Mounting Engine plugin MediaPlayerEditor
LogPluginManager: Mounting Engine plugin AnimationModifierLibrary
LogPluginManager: Mounting Engine plugin WebMMedia
LogPluginManager: Mounting Engine plugin WmfMedia
LogPluginManager: Mounting Engine plugin ControlRig
LogPluginManager: Mounting Engine plugin ControlRigSpline
LogPluginManager: Mounting Engine plugin BlendSpaceMotionAnalysis
LogPluginManager: Mounting Engine plugin IKRig
LogPluginManager: Mounting Engine plugin ActorLayerUtilities
LogPluginManager: Mounting Engine plugin AndroidMoviePlayer
LogPluginManager: Mounting Engine plugin AndroidFileServer
LogPluginManager: Mounting Engine plugin AndroidDeviceProfileSelector
LogPluginManager: Mounting Engine plugin AndroidPermission
LogPluginManager: Mounting Engine plugin AppleImageUtils
LogPluginManager: Mounting Engine plugin AppleMoviePlayer
LogPluginManager: Mounting Engine plugin ArchVisCharacter
LogPluginManager: Mounting Engine plugin AssetTags
LogPluginManager: Mounting Engine plugin AudioSynesthesia
LogPluginManager: Mounting Engine plugin AudioCapture
LogPluginManager: Mounting Engine plugin AudioWidgets
LogPluginManager: Mounting Engine plugin CableComponent
LogPluginManager: Mounting Engine plugin ChunkDownloader
LogPluginManager: Mounting Engine plugin CustomMeshComponent
LogPluginManager: Mounting Engine plugin ExampleDeviceProfileSelector
LogPluginManager: Mounting Engine plugin GeometryCache
LogPluginManager: Mounting Engine plugin GeometryProcessing
LogPluginManager: Mounting Engine plugin GoogleCloudMessaging
LogPluginManager: Mounting Engine plugin GooglePAD
LogPluginManager: Mounting Engine plugin InputDebugging
LogPluginManager: Mounting Engine plugin IOSDeviceProfileSelector
LogPluginManager: Mounting Engine plugin LinuxDeviceProfileSelector
LogPluginManager: Mounting Engine plugin LocationServicesBPLibrary
LogPluginManager: Mounting Engine plugin Metasound
LogPluginManager: Mounting Engine plugin MobilePatchingUtils
LogPluginManager: Mounting Engine plugin OpenXR
LogPluginManager: Mounting Engine plugin PropertyAccessEditor
LogPluginManager: Mounting Engine plugin ProceduralMeshComponent
LogPluginManager: Mounting Engine plugin ResonanceAudio
LogPluginManager: Mounting Engine plugin SignificanceManager
LogPluginManager: Mounting Engine plugin SoundFields
LogPluginManager: Mounting Engine plugin Synthesis
LogPluginManager: Mounting Engine plugin WaveTable
LogPluginManager: Mounting Engine plugin WebMMoviePlayer
LogPluginManager: Mounting Engine plugin WindowsMoviePlayer
LogPluginManager: Mounting Engine plugin AISupport
LogPluginManager: Mounting Engine plugin EnvironmentQueryEditor
LogPluginManager: Mounting Engine plugin AssetManagerEditor
LogPluginManager: Mounting Engine plugin Niagara
LogPluginManager: Mounting Engine plugin BlueprintHeaderView
LogPluginManager: Mounting Engine plugin WindowsDeviceProfileSelector
LogPluginManager: Mounting Engine plugin CurveEditorTools
LogPluginManager: Mounting Engine plugin DataValidation
LogPluginManager: Mounting Engine plugin EditorDebugTools
LogPluginManager: Mounting Engine plugin CryptoKeys
LogPluginManager: Mounting Engine plugin FacialAnimation
LogPluginManager: Mounting Engine plugin EditorScriptingUtilities
LogPluginManager: Mounting Engine plugin GameplayTagsEditor
LogPluginManager: Mounting Engine plugin GeometryMode
LogPluginManager: Mounting Engine plugin MacGraphicsSwitching
LogPluginManager: Mounting Engine plugin MaterialAnalyzer
LogPluginManager: Mounting Engine plugin MobileLauncherProfileWizard
LogPluginManager: Mounting Engine plugin SequencerAnimTools
LogPluginManager: Mounting Engine plugin PluginBrowser
LogPluginManager: Mounting Engine plugin SpeedTreeImporter
LogPluginManager: Mounting Engine plugin WorldPartitionHLODUtilities
LogPluginManager: Mounting Engine plugin OodleNetwork
LogPluginManager: Mounting Engine plugin AlembicImporter
LogPluginManager: Mounting Engine plugin TcpMessaging
LogPluginManager: Mounting Engine plugin UdpMessaging
LogPluginManager: Mounting Engine plugin DatasmithContent
LogPluginManager: Mounting Engine plugin GLTFExporter
LogPluginManager: Mounting Engine plugin VariantManagerContent
LogPluginManager: Mounting Engine plugin OnlineBase
LogPluginManager: Mounting Engine plugin OnlineServices
LogPluginManager: Mounting Engine plugin OnlineSubsystem
LogPluginManager: Mounting Engine plugin OnlineSubsystemNull
LogPluginManager: Mounting Engine plugin OnlineSubsystemOculus
LogPluginManager: Mounting Engine plugin OnlineSubsystemUtils
LogPluginManager: Mounting Engine plugin AutomationUtils
LogPluginManager: Mounting Engine plugin BackChannel
LogPluginManager: Mounting Engine plugin ChaosCloth
LogPluginManager: Mounting Engine plugin ChaosCaching
LogPluginManager: Mounting Engine plugin ChaosClothEditor
LogPluginManager: Mounting Engine plugin ChaosEditor
LogPluginManager: Mounting Engine plugin ChaosNiagara
LogPluginManager: Mounting Engine plugin ChaosSolverPlugin
LogPluginManager: Mounting Engine plugin ChaosUserDataPT
LogPluginManager: Mounting Engine plugin CharacterAI
LogPluginManager: Mounting Engine plugin Dataflow
LogPluginManager: Mounting Engine plugin FullBodyIK
LogPluginManager: Mounting Engine plugin GeometryCollectionPlugin
LogPluginManager: Mounting Engine plugin Iris
LogPluginManager: Mounting Engine plugin OpenImageDenoise
LogPluginManager: Mounting Engine plugin PlatformCrypto
LogPluginManager: Mounting Engine plugin PythonScriptPlugin
LogPluginManager: Mounting Engine plugin SkeletalReduction
LogPluginManager: Mounting Engine plugin UVEditor
LogPluginManager: Mounting Engine plugin ActorSequence
LogPluginManager: Mounting Engine plugin InterchangeEditor
LogPluginManager: Mounting Engine plugin LevelSequenceEditor
LogPluginManager: Mounting Engine plugin TemplateSequence
LogPluginManager: Mounting Engine plugin SequencerScripting
LogPluginManager: Mounting Engine plugin InterchangeTests
LogPluginManager: Mounting Engine plugin AnimationSharing
LogPluginManager: Mounting Engine plugin Paper2D
LogPluginManager: Mounting Engine plugin CodeLiteSourceCodeAccess
LogPluginManager: Mounting Engine plugin CLionSourceCodeAccess
LogPluginManager: Mounting Engine plugin GitSourceControl
LogPluginManager: Mounting Engine plugin DumpGPUServices
LogPluginManager: Mounting Engine plugin KDevelopSourceCodeAccess
LogPluginManager: Mounting Engine plugin NullSourceCodeAccess
LogPluginManager: Mounting Engine plugin PixWinPlugin
LogPluginManager: Mounting Engine plugin PerforceSourceControl
LogPluginManager: Mounting Engine plugin PluginUtils
LogPluginManager: Mounting Engine plugin PlasticSourceControl
LogPluginManager: Mounting Engine plugin PropertyAccessNode
LogPluginManager: Mounting Engine plugin RiderSourceCodeAccess
LogPluginManager: Mounting Engine plugin SubversionSourceControl
LogPluginManager: Mounting Engine plugin TextureFormatOodle
LogPluginManager: Mounting Engine plugin TraceDataFilters
LogPluginManager: Mounting Engine plugin UObjectPlugin
LogPluginManager: Mounting Engine plugin VisualStudioSourceCodeAccess
LogPluginManager: Mounting Engine plugin LauncherChunkInstaller
LogPluginManager: Mounting Engine plugin VisualStudioCodeSourceCodeAccess
LogPluginManager: Mounting Engine plugin Takes
LogPluginManager: Mounting Engine plugin OculusAudio
LogPluginManager: Mounting Engine plugin OculusVR
LogPluginManager: Mounting Engine plugin ContentBrowserAssetDataSource
LogPluginManager: Mounting Engine plugin LightMixer
LogPluginManager: Mounting Engine plugin ContentBrowserClassDataSource
LogPluginManager: Mounting Engine plugin ObjectMixer
LogPackageName: Display: FPackageName: Mount point added: '../../../../../../../Program Files/Epic Games/UE_5.1/Engine/Plugins/Bridge/Content/' mounted to '/Bridge/'
LogPackageName: Display: FPackageName: Mount point added: '../../../../../../../Program Files/Epic Games/UE_5.1/Engine/Plugins/Media/MediaCompositing/Content/' mounted to '/MediaCompositing/'
LogPackageName: Display: FPackageName: Mount point added: '../../../../../../../Program Files/Epic Games/UE_5.1/Engine/Plugins/Media/MediaPlate/Content/' mounted to '/MediaPlate/'
LogPackageName: Display: FPackageName: Mount point added: '../../../../../../../Program Files/Epic Games/UE_5.1/Engine/Plugins/Animation/ControlRig/Content/' mounted to '/ControlRig/'
LogPackageName: Display: FPackageName: Mount point added: '../../../../../../../Program Files/Epic Games/UE_5.1/Engine/Plugins/Animation/ControlRigSpline/Content/' mounted to '/ControlRigSpline/'
LogPackageName: Display: FPackageName: Mount point added: '../../../../../../../Program Files/Epic Games/UE_5.1/Engine/Plugins/Animation/IKRig/Content/' mounted to '/IKRig/'
LogPackageName: Display: FPackageName: Mount point added: '../../../../../../../Program Files/Epic Games/UE_5.1/Engine/Plugins/Runtime/AudioSynesthesia/Content/' mounted to '/AudioSynesthesia/'
LogPackageName: Display: FPackageName: Mount point added: '../../../../../../../Program Files/Epic Games/UE_5.1/Engine/Plugins/Runtime/AudioWidgets/Content/' mounted to '/AudioWidgets/'
LogPackageName: Display: FPackageName: Mount point added: '../../../../../../../Program Files/Epic Games/UE_5.1/Engine/Plugins/Runtime/GeometryProcessing/Content/' mounted to '/GeometryProcessing/'
LogPackageName: Display: FPackageName: Mount point added: '../../../../../../../Program Files/Epic Games/UE_5.1/Engine/Plugins/Runtime/Metasound/Content/' mounted to '/Metasound/'
LogPackageName: Display: FPackageName: Mount point added: '../../../../../../../Program Files/Epic Games/UE_5.1/Engine/Plugins/Runtime/OpenXR/Content/' mounted to '/OpenXR/'
LogPackageName: Display: FPackageName: Mount point added: '../../../../../../../Program Files/Epic Games/UE_5.1/Engine/Plugins/Runtime/ResonanceAudio/Content/' mounted to '/ResonanceAudio/'
LogPackageName: Display: FPackageName: Mount point added: '../../../../../../../Program Files/Epic Games/UE_5.1/Engine/Plugins/Runtime/Synthesis/Content/' mounted to '/Synthesis/'
LogPackageName: Display: FPackageName: Mount point added: '../../../../../../../Program Files/Epic Games/UE_5.1/Engine/Plugins/Runtime/WaveTable/Content/' mounted to '/WaveTable/'
LogPackageName: Display: FPackageName: Mount point added: '../../../../../../../Program Files/Epic Games/UE_5.1/Engine/Plugins/FX/Niagara/Content/' mounted to '/Niagara/'
LogPackageName: Display: FPackageName: Mount point added: '../../../../../../../Program Files/Epic Games/UE_5.1/Engine/Plugins/Editor/BlueprintHeaderView/Content/' mounted to '/BlueprintHeaderView/'
LogPackageName: Display: FPackageName: Mount point added: '../../../../../../../Program Files/Epic Games/UE_5.1/Engine/Plugins/Editor/GeometryMode/Content/' mounted to '/GeometryMode/'
LogPackageName: Display: FPackageName: Mount point added: '../../../../../../../Program Files/Epic Games/UE_5.1/Engine/Plugins/Editor/SpeedTreeImporter/Content/' mounted to '/SpeedTreeImporter/'
LogPackageName: Display: FPackageName: Mount point added: '../../../../../../../Program Files/Epic Games/UE_5.1/Engine/Plugins/Enterprise/DatasmithContent/Content/' mounted to '/DatasmithContent/'
LogPackageName: Display: FPackageName: Mount point added: '../../../../../../../Program Files/Epic Games/UE_5.1/Engine/Plugins/Enterprise/GLTFExporter/Content/' mounted to '/GLTFExporter/'
LogPackageName: Display: FPackageName: Mount point added: '../../../../../../../Program Files/Epic Games/UE_5.1/Engine/Plugins/Experimental/ChaosCaching/Content/' mounted to '/ChaosCaching/'
LogPackageName: Display: FPackageName: Mount point added: '../../../../../../../Program Files/Epic Games/UE_5.1/Engine/Plugins/Experimental/ChaosClothEditor/Content/' mounted to '/ChaosClothEditor/'
LogPackageName: Display: FPackageName: Mount point added: '../../../../../../../Program Files/Epic Games/UE_5.1/Engine/Plugins/Experimental/ChaosNiagara/Content/' mounted to '/ChaosNiagara/'
LogPackageName: Display: FPackageName: Mount point added: '../../../../../../../Program Files/Epic Games/UE_5.1/Engine/Plugins/Experimental/ChaosSolverPlugin/Content/' mounted to '/ChaosSolverPlugin/'
LogPackageName: Display: FPackageName: Mount point added: '../../../../../../../Program Files/Epic Games/UE_5.1/Engine/Plugins/Experimental/Dataflow/Content/' mounted to '/Dataflow/'
LogPackageName: Display: FPackageName: Mount point added: '../../../../../../../Program Files/Epic Games/UE_5.1/Engine/Plugins/Experimental/FullBodyIK/Content/' mounted to '/FullBodyIK/'
LogPackageName: Display: FPackageName: Mount point added: '../../../../../../../Program Files/Epic Games/UE_5.1/Engine/Plugins/Experimental/GeometryCollectionPlugin/Content/' mounted to '/GeometryCollectionPlugin/'
LogPackageName: Display: FPackageName: Mount point added: '../../../../../../../Program Files/Epic Games/UE_5.1/Engine/Plugins/Experimental/PythonScriptPlugin/Content/' mounted to '/PythonScriptPlugin/'
LogPackageName: Display: FPackageName: Mount point added: '../../../../../../../Program Files/Epic Games/UE_5.1/Engine/Plugins/Experimental/UVEditor/Content/' mounted to '/UVEditor/'
LogPackageName: Display: FPackageName: Mount point added: '../../../../../../../Program Files/Epic Games/UE_5.1/Engine/Plugins/MovieScene/SequencerScripting/Content/' mounted to '/SequencerScripting/'
LogPackageName: Display: FPackageName: Mount point added: '../../../../../../../Program Files/Epic Games/UE_5.1/Engine/Plugins/Developer/AnimationSharing/Content/' mounted to '/AnimationSharing/'
LogPackageName: Display: FPackageName: Mount point added: '../../../../../../../Program Files/Epic Games/UE_5.1/Engine/Plugins/2D/Paper2D/Content/' mounted to '/Paper2D/'
LogPackageName: Display: FPackageName: Mount point added: '../../../../../../../Program Files/Epic Games/UE_5.1/Engine/Plugins/VirtualProduction/Takes/Content/' mounted to '/Takes/'
LogPackageName: Display: FPackageName: Mount point added: '../../../../../../../Program Files/Epic Games/UE_5.1/Engine/Plugins/Runtime/Oculus/OculusAudio/Content/' mounted to '/OculusAudio/'
LogPackageName: Display: FPackageName: Mount point added: '../../../../../../../Program Files/Epic Games/UE_5.1/Engine/Plugins/Runtime/Oculus/OculusVR/Content/' mounted to '/OculusVR/'
LogPackageName: Display: FPackageName: Mount point added: '../../../../../../../Program Files/Epic Games/UE_5.1/Engine/Plugins/Editor/ObjectMixer/LightMixer/Content/' mounted to '/LightMixer/'
LogPackageName: Display: FPackageName: Mount point added: '../../../../../../../Program Files/Epic Games/UE_5.1/Engine/Plugins/Editor/ObjectMixer/ObjectMixer/Content/' mounted to '/ObjectMixer/'
LogInit: Using libcurl 7.83.1
LogInit:  - built for Windows
LogInit:  - supports SSL with OpenSSL/1.1.1n
LogInit:  - supports HTTP deflate (compression) using libz 1.2.12
LogInit:  - other features:
LogInit:      CURL_VERSION_SSL
LogInit:      CURL_VERSION_LIBZ
LogInit:      CURL_VERSION_IPV6
LogInit:      CURL_VERSION_ASYNCHDNS
LogInit:      CURL_VERSION_LARGEFILE
LogInit:  CurlRequestOptions (configurable via config and command line):
LogInit:  - bVerifyPeer = true  - Libcurl will verify peer certificate
LogInit:  - bUseHttpProxy = false  - Libcurl will NOT use HTTP proxy
LogInit:  - bDontReuseConnections = false  - Libcurl will reuse connections
LogInit:  - MaxHostConnections = 16  - Libcurl will limit the number of connections to a host
LogInit:  - LocalHostAddr = Default
LogInit:  - BufferSize = 65536
LogInit: WinSock: version 1.1 (2.2), MaxSocks=32767, MaxUdp=65467
LogOnline: OSS: Created online subsystem instance for: NULL
LogOnline: OSS: TryLoadSubsystemAndSetDefault: Loaded subsystem for module [NULL]
PixWinPlugin: PIX capture plugin failed to initialize! Check that the process is launched from PIX.
LogAudio: Display: Oculus Audio: Middleware plugins not found, assuming native UE AudioMixer
LogAudio: Display: Oculus Audio: Attempting to load Oculus Spatializer DLL: ../../../../../../../Program Files/Epic Games/UE_5.1/../../../Users/SOCOTechInnovation/Desktop/VRControlCenter/VRControlCenter/../Engine/Binaries/ThirdParty/Oculus/Audio/Win64/ (from ovraudio64)
LogWindows: Failed to load '../../../../../../../Program Files/Epic Games/UE_5.1/../../../Users/SOCOTechInnovation/Desktop/VRControlCenter/VRControlCenter/../Engine/Binaries/ThirdParty/Oculus/Audio/Win64/ovraudio64' (GetLastError=0)
LogWindows: File '../../../../../../../Program Files/Epic Games/UE_5.1/../../../Users/SOCOTechInnovation/Desktop/VRControlCenter/VRControlCenter/../Engine/Binaries/ThirdParty/Oculus/Audio/Win64/ovraudio64' does not exist
LogAudio: Error: Oculus Audio: Failed to load OVR Audio dll
LogWindows: Error: appError called: Assertion failed: false [File:D:\build\++UE5\Sync\Engine\Plugins\Runtime\Oculus\OculusAudio\Source\OculusAudio\Private\OculusAudioDllManager.cpp] [Line: 45] 


LogWindows: Windows GetLastError: The operation completed successfully. (0)
LogWindows: Error: === Critical error: ===
LogWindows: Error: 
LogWindows: Error: Assertion failed: false [File:D:\build\++UE5\Sync\Engine\Plugins\Runtime\Oculus\OculusAudio\Source\OculusAudio\Private\OculusAudioDllManager.cpp] [Line: 45] 
LogWindows: Error: 
LogWindows: Error: 
LogWindows: Error: 
LogWindows: Error: [Callstack] 0x00007ff7dc2c74f2 VRControlCenter.exe!FOculusAudioPlugin::StartupModule() []
LogWindows: Error: [Callstack] 0x00007ff7de5f233e VRControlCenter.exe!FModuleManager::LoadModuleWithFailureReason() []
LogWindows: Error: [Callstack] 0x00007ff7de95dc55 VRControlCenter.exe!FModuleDescriptor::LoadModulesForPhase() []
LogWindows: Error: [Callstack] 0x00007ff7de970ad2 VRControlCenter.exe!FPluginManager::TryLoadModulesForPlugin() []
LogWindows: Error: [Callstack] 0x00007ff7de95d8e4 VRControlCenter.exe!FPluginManager::LoadModulesForEnabledPlugins() []
LogWindows: Error: [Callstack] 0x00007ff7dbce134d VRControlCenter.exe!FEngineLoop::AppInit() []
LogWindows: Error: [Callstack] 0x00007ff7dbcf873e VRControlCenter.exe!FEngineLoop::PreInitPreStartupScreen() []
LogWindows: Error: [Callstack] 0x00007ff7dbcec87f VRControlCenter.exe!GuardedMain() []
LogWindows: Error: [Callstack] 0x00007ff7dbcecbfa VRControlCenter.exe!GuardedMainWrapper() []
LogWindows: Error: [Callstack] 0x00007ff7dbcefb36 VRControlCenter.exe!LaunchWindowsStartup() []
LogWindows: Error: [Callstack] 0x00007ff7dbd01584 VRControlCenter.exe!WinMain() []
LogWindows: Error: [Callstack] 0x00007ff7e5136cea VRControlCenter.exe!__scrt_common_main_seh() [D:\a\_work\1\s\src\vctools\crt\vcstartup\src\startup\exe_common.inl:288]
LogWindows: Error: [Callstack] 0x00007ffa8de226bd KERNEL32.DLL!UnknownFunction []
LogWindows: Error: [Callstack] 0x00007ffa8f60dfb8 ntdll.dll!UnknownFunction []
LogWindows: Error: 
LogWindows: FPlatformMisc::RequestExit(1)
LogWindows: FPlatformMisc::RequestExitWithStatus(1, 3)
LogCore: Engine exit requested (reason: Win RequestExit)
